21:39:04.024 INFO [GridLauncherV3.parse] - Selenium server version: 3.141.59, revision: e82be7d358
21:39:04.113 INFO [GridLauncherV3.lambda$buildLaunchers$3] - Launching a standalone Selenium Server on port 4444
2020-03-28 21:39:04.163:INFO::main: Logging initialized @348ms to org.seleniumhq.jetty9.util.log.StdErrLog
21:39:04.398 INFO [WebDriverServlet.<init>] - Initialising WebDriverServlet
21:39:04.865 INFO [SeleniumServer.boot] - Selenium Server is up and running on port 4444
21:39:05.578 INFO [ActiveSessionFactory.apply] - Capabilities are: {
  "acceptSslCerts": true,
  "browserName": "firefox",
  "javascriptEnabled": true,
  "marionette": true,
  "name": "Dev"
}
21:39:05.578 INFO [ActiveSessionFactory.apply] - Capabilities are: {
  "acceptSslCerts": true,
  "browserName": "firefox",
  "javascriptEnabled": true,
  "marionette": true,
  "name": "Youtube"
}
21:39:05.579 INFO [ActiveSessionFactory.lambda$apply$11] - Matched factory org.openqa.selenium.grid.session.remote.ServicedSession$Factory (provider: org.openqa.selenium.firefox.GeckoDriverService)
21:39:05.579 INFO [ActiveSessionFactory.lambda$apply$11] - Matched factory org.openqa.selenium.grid.session.remote.ServicedSession$Factory (provider: org.openqa.selenium.firefox.GeckoDriverService)
1585424346787	mozrunner::runner	INFO	Running command: "C:\\Program Files (x86)\\Mozilla Firefox\\firefox.exe" "-marionette" "-foreground" "-no-remote" "-profile" "C:\\Users\\Anna\\AppData\\Local\\Temp\\rust_mozprofilevNccb3"
1585424346788	mozrunner::runner	INFO	Running command: "C:\\Program Files (x86)\\Mozilla Firefox\\firefox.exe" "-marionette" "-foreground" "-no-remote" "-profile" "C:\\Users\\Anna\\AppData\\Local\\Temp\\rust_mozprofile0xG2vD"
115854245384574220453	4a7d2d0o5n	sa.dwdeobnesx.tweenbseixotne.ndsoiho-nr.odlolho-urto@lmloozuitl@lmao.zoirlgl	aW.AoRrNg		LWoAaRdN	Loading extension 'dohi-ronlgl oeuxtt@emnosziiolnl a'.doorhg-'r:o lRleoaudti@nmgo zmialnliaf.eosrtg:' :I nRveaaldiidn ge xmtaenifest: Invalid extension permission: networkStatuns
sion permission: networkStatus
1585424347596	addons.webextension.screenshots@mozilla.org	WARN	Loading extension 'screenshots@mozilla.org': Reading manifest: Invalid extension permission: mozillaAddons
1585424347596	addons.webextension.screenshots@mozilla.org	WARN	Loading extension 'screenshots@mozilla.org': Reading manifest: Invalid extension permission: telemetry
1585424347597	addons.webextension.screenshots@mozilla.org	WARN	Loading extension 'screenshots@mozilla.org': Reading manifest: Invalid extension permission: resource://pdf.js/
1585424347597	addons.webextension.screenshots@mozilla.org	WARN	Loading extension 'screenshots@mozilla.org': Reading manifest: Invalid extension permission: about:reader*
1585424347597	addons.webextension.screenshots@mozilla.org	WARN	Loading extension 'screenshots@mozilla.org': Reading manifest: Invalid extension permission: mozillaAddons
1585424347597	addons.webextension.screenshots@mozilla.org	WARN	Loading extension 'screenshots@mozilla.org': Reading manifest: Invalid extension permission: telemetry
1585424347597	addons.webextension.screenshots@mozilla.org	WARN	Loading extension 'screenshots@mozilla.org': Reading manifest: Invalid extension permission: resource://pdf.js/
1585424347597	addons.webextension.screenshots@mozilla.org	WARN	Loading extension 'screenshots@mozilla.org': Reading manifest: Invalid extension permission: about:reader*
JavaScript error: resource://gre/modules/XULStore.jsm, line 66: Error: Can't find profile directory.
JavaScript error: resource://gre/modules/XULStore.jsm, line 66: Error: Can't find profile directory.
1585424350156	Marionette	INFO	Listening on port 57047
21:39:10.449 INFO [ProtocolHandshake.createSession] - Detected dialect: W3C
1585424350461	Marionette	INFO	Listening on port 57046
21:39:10.502 INFO [RemoteSession$Factory.lambda$performHandshake$0] - Started new session 0d04c2b0-e357-46da-afbe-677ab24103c3 (org.openqa.selenium.firefox.GeckoDriverService)
21:39:10.974 INFO [ProtocolHandshake.createSession] - Detected dialect: W3C
21:39:10.985 INFO [RemoteSession$Factory.lambda$performHandshake$0] - Started new session 107b565a-a081-46bb-945e-d61aebb4911a (org.openqa.selenium.firefox.GeckoDriverService)
1585424352440	Marionette	INFO	Stopped listening on port 57047

###!!! [Child][RunMessage] Error: Channel closing: too late to send/recv, messages will be lost


###!!! [Child][MessageChannel::SendAndWait] Error: Channel error: cannot send/recv

21:39:13.851 INFO [ActiveSessions$1.onStop] - Removing session 0d04c2b0-e357-46da-afbe-677ab24103c3 (org.openqa.selenium.firefox.GeckoDriverService)
1585424360241	Marionette	INFO	Stopped listening on port 57046
[Child 21292, MediaDecoderStateMachine #1] WARNING: Decoder=29d094b5000 Decode error: NS_ERROR_DOM_MEDIA_FATAL_ERR (0x806e0005) - RefPtr<MediaSourceTrackDemuxer::SamplesPromise> __cdecl mozilla::MediaSourceTrackDemuxer::DoGetSamples(int32_t): manager is detached.: file z:/task_1583751780/build/src/dom/media/MediaDecoderStateMachine.cpp, line 3358

###!!! [Child][MessageChannel::SendAndWait] Error: Channel error: cannot send/recv

21:39:21.646 INFO [ActiveSessions$1.onStop] - Removing session 107b565a-a081-46bb-945e-d61aebb4911a (org.openqa.selenium.firefox.GeckoDriverService)
